<?xml version="1.0" encoding="UTF-8" ?>
<testsuite tests="14" failures="0" name="be.kdg.distrib.TestStubFactory" time="140.824" errors="0" skipped="0">
  <properties>
[...]
</properties>
  <testcase classname="be.kdg.distrib.TestStubFactory" name="testCreateClassWithRightMethods" time="10.046"/>
  <testcase classname="be.kdg.distrib.TestStubFactory" name="testWithStringReturnValue" time="10.016"/>
  <testcase classname="be.kdg.distrib.TestStubFactory" name="testVoidVoid" time="10.114"/>
  <testcase classname="be.kdg.distrib.TestStubFactory" name="testTryToCastToWrongClass" time="10.013"/>
  <testcase classname="be.kdg.distrib.TestStubFactory" name="testWithMoreParams" time="10.126"/>
  <testcase classname="be.kdg.distrib.TestStubFactory" name="testWithIntParam" time="10.118"/>
  <testcase classname="be.kdg.distrib.TestStubFactory" name="testWithEverything" time="10.075"/>
  <testcase classname="be.kdg.distrib.TestStubFactory" name="testCreateClassWithDerivedInterface" time="10.014"/>
  <testcase classname="be.kdg.distrib.TestStubFactory" name="testWithCharReturnValue" time="10.016"/>
  <testcase classname="be.kdg.distrib.TestStubFactory" name="testWithIntReturnValue" time="10.017"/>
  <testcase classname="be.kdg.distrib.TestStubFactory" name="testWithObjectReturnValue" time="10.01"/>
  <testcase classname="be.kdg.distrib.TestStubFactory" name="testWithOneParam" time="10.122"/>
  <testcase classname="be.kdg.distrib.TestStubFactory" name="testWithBooleanReturnValue" time="10.014"/>
  <testcase classname="be.kdg.distrib.TestStubFactory" name="testWithObjectParams" time="10.123"/>
</testsuite>