<?xml version="1.0" encoding="UTF-8" ?>
<testsuite tests="19" failures="0" name="be.kdg.distrib.TestSkeletonFactory" time="190.219" errors="0" skipped="0">
  <properties>
[...]
</properties>
  <testcase classname="be.kdg.distrib.TestSkeletonFactory" name="testVoidMethod" time="10.003"/>
  <testcase classname="be.kdg.distrib.TestSkeletonFactory" name="testMethodWithManyParams" time="10.017"/>
  <testcase classname="be.kdg.distrib.TestSkeletonFactory" name="testEmptyReply" time="10.014"/>
  <testcase classname="be.kdg.distrib.TestSkeletonFactory" name="testMessageWithWrongNumberOfParams" time="10.01"/>
  <testcase classname="be.kdg.distrib.TestSkeletonFactory" name="testMethodWithIntParam" time="10.01"/>
  <testcase classname="be.kdg.distrib.TestSkeletonFactory" name="testObjectReturnValue" time="10.007"/>
  <testcase classname="be.kdg.distrib.TestSkeletonFactory" name="testBoolReturnValue" time="10.011"/>
  <testcase classname="be.kdg.distrib.TestSkeletonFactory" name="testCreateSkeletonWithValidAddress" time="10.008"/>
  <testcase classname="be.kdg.distrib.TestSkeletonFactory" name="testMethodWithParam" time="10.02"/>
  <testcase classname="be.kdg.distrib.TestSkeletonFactory" name="testWrongMethodName" time="10.011"/>
  <testcase classname="be.kdg.distrib.TestSkeletonFactory" name="testObjectAsParameter" time="10.014"/>
  <testcase classname="be.kdg.distrib.TestSkeletonFactory" name="testCharReturnValue" time="10.01"/>
  <testcase classname="be.kdg.distrib.TestSkeletonFactory" name="testRunMethodSpawnThread" time="10.008"/>
  <testcase classname="be.kdg.distrib.TestSkeletonFactory" name="testIntReturnValue" time="10.013"/>
  <testcase classname="be.kdg.distrib.TestSkeletonFactory" name="testRunMethodOneRequest" time="10.016"/>
  <testcase classname="be.kdg.distrib.TestSkeletonFactory" name="testRunMethodMultipleRequests" time="10.018"/>
  <testcase classname="be.kdg.distrib.TestSkeletonFactory" name="testMessageWithWrongParamName" time="10.009"/>
  <testcase classname="be.kdg.distrib.TestSkeletonFactory" name="testMessageWithWrongParamType" time="10.01"/>
  <testcase classname="be.kdg.distrib.TestSkeletonFactory" name="testReturnValue" time="10.01"/>
</testsuite>